=========git tag -d ifp_v66=========
error: tag 'ifp_v66' not found.


=========git tag -a ifp_v66 -m "final test"=========



=========git branch -vv=========
  MoreTest                  6ab3922 more test save
  NBSS_ifp_e2e_fdsisdr      89d802a [origin/NBSS_ifp_e2e_fdsisdr] to sisdr, no mean
  NBSS_ifp_md               01f84d8 mix
  NBSS_ifp_测试信号长度影响 9d248eb [origin/NBSS_ifp_测试信号长度影响: ahead 7, behind 3] Merge branch 'NBSS_ifp_测试信号长度影响' of https://gitee.com/quancs/NBSS_pmt into NBSS_ifp_测试信号长度影响
  fix-rir-seq               7e9ab94 [origin/fix-rir-seq] shuffle_train_rir: bool = True
  fix-rir-seq-test          eaaaa5d 将ridx和seed输出
  ifp_draw_hidden_units     59ace36 完成draw
* master                    9487ef3 [origin/master] set default train seed to null
  step_lr                   35d06cd +step_lr
  test-performance-drop     3395ea8 测试是否是验证集不同所导致的这个问题
  测试长短信号的性能        9b5429f [origin/测试长短信号的性能] fix


=========git status=========
# On branch master
# Changes not staged for commit:
#   (use "git add <file>..." to update what will be committed)
#   (use "git checkout -- <file>..." to discard changes in working directory)
#
#	modified:   configs/ifp/fit-WavForm.yaml
#
# Untracked files:
#   (use "git add <file>..." to include in what will be committed)
#
#	configs/ifp/test.yaml
#	configs/ifp_e2e/
#	t.py
#	test_complex.py
#	test_git.py
#	test_sns.py
#	utils/simple_analyze.py
#	x.png
no changes added to commit (use "git add" and/or "git commit -a")


